Sep 03, 2024 2:30:22 PM com.wg.Services.UserService authenticateUser
INFO: User Authentication Success!! 
 Username: Shailesh434
Sep 03, 2024 10:06:57 PM com.wg.Services.UserService authenticateUser
INFO: User Authentication Success!! 
 Username: Shailesh434
Sep 03, 2024 10:17:15 PM com.wg.Services.UserService authenticateUser
INFO: User Authentication Success!! 
 Username: Shailesh434
Sep 04, 2024 3:48:33 PM com.wg.Services.UserService authenticateUser
INFO: User Authentication Success!! 
 Username: Kashyap123
Sep 04, 2024 3:48:44 PM com.wg.Services.FeeService payFees
INFO: Fees paid successfully!!
Sep 04, 2024 10:38:42 PM com.wg.Services.UserService authenticateUser
INFO: User Authentication Success!! 
 Username: Shailesh434
Sep 04, 2024 10:44:13 PM com.wg.Services.UserService authenticateUser
INFO: User Authentication Success!! 
 Username: Shailesh434
Sep 05, 2024 12:18:54 AM com.wg.Services.UserService authenticateUser
INFO: User Authentication Success!! 
 Username: Shailesh434
Sep 05, 2024 12:21:19 AM com.wg.Services.UserService authenticateUser
INFO: User Authentication Success!! 
 Username: Shailesh434
Sep 05, 2024 12:24:05 AM com.wg.Services.UserService authenticateUser
INFO: User Authentication Success!! 
 Username: Shailesh434
Sep 05, 2024 11:52:49 AM com.wg.Services.UserService authenticateUser
INFO: User Authentication Success!! 
 Username: Shailesh434
Sep 05, 2024 10:37:56 PM com.wg.Services.UserService authenticateUser
INFO: User Authentication Success!! 
 Username: Shailesh434
Sep 05, 2024 10:39:04 PM com.wg.Services.UserService authenticateUser
INFO: User Authentication Success!! 
 Username: Shailesh434
Sep 05, 2024 11:10:32 PM com.wg.Services.UserService authenticateUser
INFO: User Authentication Success!! 
 Username: Shailesh434
Sep 05, 2024 11:12:56 PM com.wg.Services.UserService authenticateUser
INFO: User Authentication Success!! 
 Username: Sandeep123
Sep 06, 2024 1:35:52 AM com.wg.Services.UserService authenticateUser
INFO: User Authentication Success!! 
 Username: Shailesh434
Sep 06, 2024 1:36:38 AM com.wg.Services.UserService authenticateUser
INFO: User Authentication Success!! 
 Username: Shailesh434
Sep 06, 2024 1:43:27 AM com.wg.Services.UserService authenticateUser
INFO: User Authentication Success!! 
 Username: Shailesh434
Sep 06, 2024 1:45:39 AM com.wg.Services.UserService authenticateUser
INFO: User Authentication Success!! 
 Username: Shailesh434
Sep 06, 2024 1:48:35 AM com.wg.Services.UserService authenticateUser
INFO: User Authentication Success!! 
 Username: Shailesh434
Sep 06, 2024 1:49:17 AM com.wg.Services.UserService authenticateUser
INFO: User Authentication Success!! 
 Username: Shailesh434
